[20:00:01] =========================================
[20:00:01] 开始执行日报生成任务
[20:00:01] 步骤1: 生成最新共识信号...
[20:00:01] =========================================
[20:00:01] 开始执行日报生成任务
[20:00:01] 步骤1: 生成最新共识信号...
================================================================================
基金经理共识信号生成系统
时间: 2026-03-21 20:00:01
================================================================================

加载基金经理数据: 311人

【分析1】重仓股共识...
  发现高共识股票: 20只（被3+基金经理持有）

【分析2】行业共识...
  发现热门行业: 9个

【分析3】业绩共识...
  业绩统计（有数据231人）:
    优秀(>30%): 113人 (48.9%)
    良好(10-30%): 43人 (18.6%)
    一般(0-10%): 47人 (20.3%)
    调整(<0%): 28人 (12.1%)
    平均收益: 33.83%

================================================================================
✅ 信号生成完成: 16个
================================================================================

================================================================================
信号详情
================================================================================

【信号1】stock_consensus
  优先级: high
  触发条件: 66位基金经理重仓持有
  建议操作: 关注相关ETF或个股
  股票代码: 300750.SZ
  共识人数: 66
  平均持仓: 6.45%

【信号2】stock_consensus
  优先级: high
  触发条件: 53位基金经理重仓持有
  建议操作: 关注相关ETF或个股
  股票代码: 300502.SZ
  共识人数: 53
  平均持仓: 12751128.74%

【信号3】stock_consensus
  优先级: high
  触发条件: 53位基金经理重仓持有
  建议操作: 关注相关ETF或个股
  股票代码: 300308.SZ
  共识人数: 53
  平均持仓: 15117648.63%

【信号4】stock_consensus
  优先级: high
  触发条件: 37位基金经理重仓持有
  建议操作: 关注相关ETF或个股
  股票代码: 000333.SZ
  共识人数: 37
  平均持仓: 59963048.94%

【信号5】stock_consensus
  优先级: high
  触发条件: 31位基金经理重仓持有
  建议操作: 关注相关ETF或个股
  股票代码: 601899.SH
  共识人数: 31
  平均持仓: 12649347.74%

【信号6】stock_consensus
  优先级: high
  触发条件: 28位基金经理重仓持有
  建议操作: 关注相关ETF或个股
  股票代码: 603259.SH
  共识人数: 28
  平均持仓: 10560975.02%

【信号7】stock_consensus
  优先级: high
  触发条件: 26位基金经理重仓持有
  建议操作: 关注相关ETF或个股
  股票代码: 002475.SZ
  共识人数: 26
  平均持仓: 5.83%

【信号8】stock_consensus
  优先级: high
  触发条件: 25位基金经理重仓持有
  建议操作: 关注相关ETF或个股
  股票代码: 601138.SH
  共识人数: 25
  平均持仓: 3030030.06%

【信号9】stock_consensus
  优先级: high
  触发条件: 20位基金经理重仓持有
  建议操作: 关注相关ETF或个股
  股票代码: 600519.SH
  共识人数: 20
  平均持仓: 224948452.53%

【信号10】stock_consensus
  优先级: high
  触发条件: 20位基金经理重仓持有
  建议操作: 关注相关ETF或个股
  股票代码: 603993.SH
  共识人数: 20
  平均持仓: 8744504.47%

【信号11】sector_consensus
  优先级: high
  触发条件: 803位基金经理布局其他
  建议操作: 关注其他板块ETF
  行业: 其他
  共识人数: 803

【信号12】sector_consensus
  优先级: high
  触发条件: 232位基金经理布局科技/半导体
  建议操作: 关注科技/半导体板块ETF
  行业: 科技/半导体
  共识人数: 232

【信号13】sector_consensus
  优先级: high
  触发条件: 191位基金经理布局消费
  建议操作: 关注消费板块ETF
  行业: 消费
  共识人数: 191

【信号14】sector_consensus
  优先级: high
  触发条件: 185位基金经理布局金融
  建议操作: 关注金融板块ETF
  行业: 金融
  共识人数: 185

【信号15】sector_consensus
  优先级: high
  触发条件: 152位基金经理布局新能源
  建议操作: 关注新能源板块ETF
  行业: 新能源
  共识人数: 152

【信号16】performance_consensus
  优先级: high
  触发条件: 优秀基金经理占比高(113/231)
  建议操作: 市场情绪积极，可增加权益仓位
  市场情绪: positive
  平均收益: 33.83%

💾 信号已保存: manager_consensus_signals.json
================================================================================
基金经理共识信号生成系统
时间: 2026-03-21 20:00:01
================================================================================

加载基金经理数据: 311人

【分析1】重仓股共识...
  发现高共识股票: 20只（被3+基金经理持有）

【分析2】行业共识...
  发现热门行业: 9个

【分析3】业绩共识...
  业绩统计（有数据231人）:
    优秀(>30%): 113人 (48.9%)
    良好(10-30%): 43人 (18.6%)
    一般(0-10%): 47人 (20.3%)
    调整(<0%): 28人 (12.1%)
    平均收益: 33.83%

================================================================================
✅ 信号生成完成: 16个
================================================================================

================================================================================
信号详情
================================================================================

【信号1】stock_consensus
  优先级: high
  触发条件: 66位基金经理重仓持有
  建议操作: 关注相关ETF或个股
  股票代码: 300750.SZ
  共识人数: 66
  平均持仓: 6.45%

【信号2】stock_consensus
  优先级: high
  触发条件: 53位基金经理重仓持有
  建议操作: 关注相关ETF或个股
  股票代码: 300502.SZ
  共识人数: 53
  平均持仓: 12751128.74%

【信号3】stock_consensus
  优先级: high
  触发条件: 53位基金经理重仓持有
  建议操作: 关注相关ETF或个股
  股票代码: 300308.SZ
  共识人数: 53
  平均持仓: 15117648.63%

【信号4】stock_consensus
  优先级: high
  触发条件: 37位基金经理重仓持有
  建议操作: 关注相关ETF或个股
  股票代码: 000333.SZ
  共识人数: 37
  平均持仓: 59963048.94%

【信号5】stock_consensus
  优先级: high
  触发条件: 31位基金经理重仓持有
  建议操作: 关注相关ETF或个股
  股票代码: 601899.SH
  共识人数: 31
  平均持仓: 12649347.74%

【信号6】stock_consensus
  优先级: high
  触发条件: 28位基金经理重仓持有
  建议操作: 关注相关ETF或个股
  股票代码: 603259.SH
  共识人数: 28
  平均持仓: 10560975.02%

【信号7】stock_consensus
  优先级: high
  触发条件: 26位基金经理重仓持有
  建议操作: 关注相关ETF或个股
  股票代码: 002475.SZ
  共识人数: 26
  平均持仓: 5.83%

【信号8】stock_consensus
  优先级: high
  触发条件: 25位基金经理重仓持有
  建议操作: 关注相关ETF或个股
  股票代码: 601138.SH
  共识人数: 25
  平均持仓: 3030030.06%

【信号9】stock_consensus
  优先级: high
  触发条件: 20位基金经理重仓持有
  建议操作: 关注相关ETF或个股
  股票代码: 600519.SH
  共识人数: 20
  平均持仓: 224948452.53%

【信号10】stock_consensus
  优先级: high
  触发条件: 20位基金经理重仓持有
  建议操作: 关注相关ETF或个股
  股票代码: 603993.SH
  共识人数: 20
  平均持仓: 8744504.47%

【信号11】sector_consensus
  优先级: high
  触发条件: 803位基金经理布局其他
  建议操作: 关注其他板块ETF
  行业: 其他
  共识人数: 803

【信号12】sector_consensus
  优先级: high
  触发条件: 232位基金经理布局科技/半导体
  建议操作: 关注科技/半导体板块ETF
  行业: 科技/半导体
  共识人数: 232

【信号13】sector_consensus
  优先级: high
  触发条件: 191位基金经理布局消费
  建议操作: 关注消费板块ETF
  行业: 消费
  共识人数: 191

【信号14】sector_consensus
  优先级: high
  触发条件: 185位基金经理布局金融
  建议操作: 关注金融板块ETF
  行业: 金融
  共识人数: 185

【信号15】sector_consensus
  优先级: high
  触发条件: 152位基金经理布局新能源
  建议操作: 关注新能源板块ETF
  行业: 新能源
  共识人数: 152

【信号16】performance_consensus
  优先级: high
  触发条件: 优秀基金经理占比高(113/231)
  建议操作: 市场情绪积极，可增加权益仓位
  市场情绪: positive
  平均收益: 33.83%

💾 信号已保存: manager_consensus_signals.json
[20:00:01] 步骤2: 生成日报...
[20:00:01] 步骤2: 生成日报...

================================================================================
开始生成日报...
================================================================================

报告已保存: /root/.openclaw/workspace/fund_data/monitor/reports/consensus_report_daily_20260321.html
历史数据已保存: /root/.openclaw/workspace/fund_data/monitor/history/signals_20260321.json

================================================================================
✅ 日报生成完成!
================================================================================


报告文件: /root/.openclaw/workspace/fund_data/monitor/reports/consensus_report_daily_20260321.html
文件大小: 17128 bytes

================================================================================
开始生成日报...
================================================================================

报告已保存: /root/.openclaw/workspace/fund_data/monitor/reports/consensus_report_daily_20260321.html
历史数据已保存: /root/.openclaw/workspace/fund_data/monitor/history/signals_20260321.json

================================================================================
✅ 日报生成完成!
================================================================================


报告文件: /root/.openclaw/workspace/fund_data/monitor/reports/consensus_report_daily_20260321.html
文件大小: 17128 bytes
[20:00:01] 步骤3: 发送日报邮件...
[20:00:01] 步骤3: 发送日报邮件...

================================================================================
开始发送日报邮件...
================================================================================

✅ 附件已添加: consensus_report_daily_20260321.html
正在连接SMTP服务器: smtp.139.com:465
正在登录...
正在发送邮件...

================================================================================
✅ 邮件发送成功!
================================================================================
收件人: 18817205079@139.com
主题: 【基金经理共识日报】03月21日市场信号
附件: consensus_report_daily_20260321.html
[20:00:02] 日报任务执行完成
[20:00:02] 步骤4: 推送到网站...
[20:00:02] =========================================
[20:00:02] 开始执行报告全量推送
[20:00:02] =========================================
[20:00:02] 步骤1: 复制最新报告到Web目录...
[20:00:02]   ✅ 日报已复制: consensus_report_daily_20260321.html
[20:00:02]   ✅ 信号数据已复制
[20:00:02] 步骤2: 生成报告索引页面...
[20:00:02]   ✅ 报告索引页面已生成
[20:00:02]   ✅ Web文件已复制到Git仓库
[20:00:02] 步骤3: Git提交和推送...

================================================================================
开始发送日报邮件...
================================================================================

✅ 附件已添加: consensus_report_daily_20260321.html
正在连接SMTP服务器: smtp.139.com:465
正在登录...
正在发送邮件...

================================================================================
✅ 邮件发送成功!
================================================================================
收件人: 18817205079@139.com
主题: 【基金经理共识日报】03月21日市场信号
附件: consensus_report_daily_20260321.html
[20:00:02] 日报任务执行完成
[20:00:02] 步骤4: 推送到网站...
[20:00:02] =========================================
[20:00:02] 开始执行报告全量推送
[20:00:02] =========================================
[20:00:02] 步骤1: 复制最新报告到Web目录...
[20:00:02]   ✅ 日报已复制: consensus_report_daily_20260321.html
[20:00:02]   ✅ 信号数据已复制
[20:00:02] 步骤2: 生成报告索引页面...
[20:00:02]   ✅ 报告索引页面已生成
[20:00:02]   ✅ Web文件已复制到Git仓库
[20:00:02] 步骤3: Git提交和推送...
