[20:00:02] =========================================
[20:00:02] 开始执行报告全量推送
[20:00:02] =========================================
[20:00:02] 步骤1: 复制最新报告到Web目录...
[20:00:02]   ✅ 日报已复制: consensus_report_daily_20260318.html
[20:00:02]   ✅ 信号数据已复制
[20:00:02] 步骤2: 生成报告索引页面...
[20:00:02]   ✅ 报告索引页面已生成
[20:00:02]   ✅ Web文件已复制到Git仓库
[20:00:02] 步骤3: Git提交和推送...
[20:00:02] =========================================
[20:00:02] 开始执行报告全量推送
[20:00:02] =========================================
[20:00:02] 步骤1: 复制最新报告到Web目录...
[20:00:02]   ✅ 日报已复制: consensus_report_daily_20260318.html
[20:00:02]   ✅ 信号数据已复制
[20:00:02] 步骤2: 生成报告索引页面...
[20:00:02]   ✅ 报告索引页面已生成
[20:00:02]   ✅ Web文件已复制到Git仓库
[20:00:02] 步骤3: Git提交和推送...
[master 0b1cb46] 自动推送: 基金产品库报告更新 - 2026-03-18 20:00:02
 35 files changed, 5275 insertions(+), 52 deletions(-)
 create mode 100644 daily/consensus_report_daily_20260318.html
 create mode 100644 fund_data/monitor/history/signals_20260318.json
 create mode 100644 fund_data/monitor/logs/daily_20260318.log
 create mode 100644 fund_data/monitor/logs/push_20260318.log
 create mode 100644 fund_data/monitor/reports/consensus_report_daily_20260318.html
 create mode 100644 knowledge_base/README.md
 create mode 100644 "knowledge_base/\344\272\247\344\270\232\347\240\224\347\251\266/20260318-NVIDIA_GTC2026\346\267\261\345\272\246\345\210\206\346\236\220-\346\212\200\346\234\257\350\267\257\347\272\277\344\270\216\344\276\233\345\272\224\351\223\276\346\210\230\347\225\245.md"
 create mode 100644 "knowledge_base/\345\206\205\351\203\250\345\267\245\344\275\234\346\235\220\346\226\231.pptx"
 create mode 100644 "knowledge_base/\345\206\205\351\203\250\345\267\245\344\275\234\346\235\220\346\226\231/202509-\344\274\201\344\270\232\345\271\264\351\207\221\344\270\223\351\242\230\350\260\203\347\240\224\346\261\207\346\212\245.md"
 create mode 100644 "knowledge_base/\345\206\205\351\203\250\345\267\245\344\275\234\346\235\220\346\226\231/20260319-\346\234\254\350\241\214\345\271\264\351\207\221\347\220\206\344\272\213\344\274\232\351\246\226\346\254\241\344\274\232\350\256\256\346\261\207\346\212\245\346\235\220\346\226\231.md"
 create mode 100644 "knowledge_base/\345\234\260\347\274\230\346\224\277\346\262\273/20260309-\347\276\216\344\273\245\344\274\212\345\206\262\347\252\201\351\242\204\346\234\237\345\267\256-\351\237\246\345\206\200\346\230\237.md"
 create mode 100644 "knowledge_base/\345\237\272\351\207\221\345\210\206\346\236\220/20260308-AI\345\237\272\351\207\221\347\240\224\347\251\266\346\226\271\346\263\225\350\256\272-\345\234\206\346\211\213\351\205\261\350\200\201\345\267\245.md"
 create mode 100644 "knowledge_base/\345\237\272\351\207\221\345\210\206\346\236\220/20260318-\347\216\251\350\231\276\345\244\247\344\274\232\345\244\215\347\233\230-\346\235\216\350\257\236\345\205\273\350\231\276\346\226\271\346\263\225\350\256\272.md"
 create mode 100644 "knowledge_base/\345\256\217\350\247\202\347\255\226\347\225\245/20260318-\344\274\201\344\270\232\345\271\264\351\207\221\347\220\206\344\272\213\344\274\232\344\274\232\350\256\256\347\272\252\350\246\201-\345\205\264\344\270\232\351\223\266\350\241\214.md"
 create mode 100644 "knowledge_base/\345\256\217\350\247\202\347\255\226\347\225\245/20260318-\344\274\212\346\234\227\344\270\216\347\276\216\345\233\275\345\206\262\347\252\201\345\210\206\346\236\220-\344\274\232\350\256\256\347\272\252\350\246\201.md"
 create mode 100644 "knowledge_base/\345\256\217\350\247\202\347\255\226\347\225\245/20260318-\345\256\201\346\263\211\347\235\277\351\203\241\344\272\224\345\260\206\345\234\206\346\241\214\345\257\271\350\257\235-\350\201\252\346\230\216\346\212\225\350\265\204\350\200\205.md"
 create mode 100644 "knowledge_base/\345\256\217\350\247\202\347\255\226\347\225\245/20260318-\345\270\202\345\234\272\345\210\206\346\236\220-\346\224\277\344\277\241\344\270\211\345\205\254\345\255\220-\345\274\272\345\212\233\345\217\215\345\274\271.md"
 create mode 100644 "knowledge_base/\345\256\217\350\247\202\347\255\226\347\225\245/20260318-\345\271\264\351\207\221\346\212\225\350\265\204\344\270\223\345\256\266\345\270\202\345\234\272\350\247\202\347\202\271-\345\205\264\351\223\266\347\220\206\350\264\242\347\255\211.md"
 create mode 100644 "knowledge_base/\346\212\225\350\265\204\351\200\273\350\276\221/\350\265\204\351\207\221\346\200\247\350\264\250\344\270\216\346\212\225\350\265\204\351\243\216\346\240\274\345\267\256\345\274\202.md"
 create mode 100644 "knowledge_base/\346\224\277\347\255\226\350\247\243\350\257\273/20260318-\345\215\201\344\272\224\344\272\224\350\247\204\345\210\222-\345\205\264\344\270\232\350\257\201\345\210\270\346\256\265\350\266\205\350\247\243\350\257\273.md"
 create mode 100644 "knowledge_base/\350\241\214\344\270\232\347\240\224\347\251\266/20260318-\346\266\262\345\206\267\350\241\214\344\270\232-\345\274\200\346\272\220\350\257\201\345\210\270\351\237\246\345\206\200\346\230\237.md"
 create mode 100644 "knowledge_base/\350\260\203\347\240\224\347\272\252\350\246\201/20260128-\345\257\214\345\233\275\345\237\272\351\207\221\345\271\264\351\207\221\344\270\232\345\212\241\344\272\244\346\265\201\344\274\232\350\256\256\347\272\252\350\246\201.md"
 create mode 100644 "knowledge_base/\350\260\203\347\240\224\347\272\252\350\246\201/20260128-\345\271\263\345\256\211\345\205\273\350\200\201\345\271\264\351\207\221\344\270\232\345\212\241\344\272\244\346\265\201\344\274\232\350\256\256\347\272\252\350\246\201.md"
 create mode 100644 "knowledge_base/\350\260\203\347\240\224\347\272\252\350\246\201/20260129-\345\233\275\346\263\260\345\237\272\351\207\221\345\271\264\351\207\221\344\270\232\345\212\241\344\272\244\346\265\201\344\274\232\350\256\256\347\272\252\350\246\201.md"
 create mode 100644 "knowledge_base/\351\273\204\351\207\221\345\225\206\345\223\201/20260309-\351\273\204\351\207\221\350\265\260\345\212\277\347\232\204\350\257\257\350\247\243\344\270\216\350\256\244\347\237\245-\344\270\200\347\262\222\345\260\230\345\237\203.md"
 create mode 100644 memory/2026-03-18.md
 create mode 100644 web_reports/daily/consensus_report_daily_20260318.html
To https://github.com/marcus3691/fund-dashboard.git
   9b6b582..0b1cb46  master -> master
[20:00:02]   ✅ Git推送成功
[20:00:02] =========================================
[20:00:02] 报告全量推送完成
[20:00:02] =========================================
[20:00:02] 
