[20:00:02] =========================================
[20:00:02] 开始执行报告全量推送
[20:00:02] =========================================
[20:00:02] 步骤1: 复制最新报告到Web目录...
[20:00:02]   ✅ 日报已复制: consensus_report_daily_20260317.html
[20:00:02]   ✅ 信号数据已复制
[20:00:02] 步骤2: 生成报告索引页面...
[20:00:02] =========================================
[20:00:02]   ✅ 报告索引页面已生成
[20:00:02] 开始执行报告全量推送
[20:00:02] =========================================
[20:00:02] 步骤1: 复制最新报告到Web目录...
[20:00:02]   ✅ Web文件已复制到Git仓库
[20:00:02] 步骤3: Git提交和推送...
[20:00:02]   ✅ 日报已复制: consensus_report_daily_20260317.html
[20:00:02]   ✅ 信号数据已复制
[20:00:02] 步骤2: 生成报告索引页面...
[20:00:02]   ✅ 报告索引页面已生成
[20:00:02]   ✅ Web文件已复制到Git仓库
[20:00:02] 步骤3: Git提交和推送...
[master 9b6b582] 自动推送: 基金产品库报告更新 - 2026-03-17 20:00:02
 21 files changed, 2702 insertions(+), 51 deletions(-)
 create mode 100644 "2026\345\271\264\345\272\246\350\260\203\347\240\224\345\267\245\344\275\234\346\210\220\346\236\234\346\261\207\346\212\245.md"
 create mode 100644 "2026\345\271\264\345\272\246\350\260\203\347\240\224\345\267\245\344\275\234\346\210\220\346\236\234\346\261\207\346\212\245.pptx"
 create mode 100644 "2026\345\271\264\345\272\246\350\260\203\347\240\224\345\267\245\344\275\234\346\210\220\346\236\234\346\261\207\346\212\245.zip"
 create mode 100644 "2026\345\271\264\345\272\246\350\260\203\347\240\224\345\267\245\344\275\234\346\210\220\346\236\234\346\261\207\346\212\245_v2.pptx"
 create mode 100644 "2026\345\271\264\345\272\246\350\260\203\347\240\224\345\267\245\344\275\234\346\210\220\346\236\234\346\261\207\346\212\245_\345\256\214\346\225\264\347\211\210.pptx"
 create mode 100644 "2026\350\260\203\347\240\224\345\267\245\344\275\234\346\210\220\346\236\234_PPT\346\226\207\346\241\210.md"
 create mode 100644 daily/consensus_report_daily_20260317.html
 create mode 100644 fund_data/monitor/history/signals_20260317.json
 create mode 100644 fund_data/monitor/logs/daily_20260317.log
 create mode 100644 fund_data/monitor/logs/push_20260317.log
 create mode 100644 fund_data/monitor/reports/consensus_report_daily_20260317.html
 create mode 100644 memory/2026-03-17.md
 create mode 100644 web_reports/daily/consensus_report_daily_20260317.html
 create mode 100644 "\350\260\203\347\240\224\346\261\207\346\212\245_\345\256\214\346\225\264\347\211\210.zip"
To https://github.com/marcus3691/fund-dashboard.git
   3c84ced..9b6b582  master -> master
[20:00:02]   ✅ Git推送成功
[20:00:02] =========================================
[20:00:02] 报告全量推送完成
[20:00:02] =========================================
[20:00:02] 
