[09:00:03] =========================================
[09:00:03] 开始执行报告全量推送
[09:00:03] =========================================
[09:00:03] 步骤1: 复制最新报告到Web目录...
[09:00:03]   ✅ 周报已复制: consensus_report_weekly_20260316.html
[09:00:03]   ✅ 信号数据已复制
[09:00:03] 步骤2: 生成报告索引页面...
[09:00:03]   ✅ 报告索引页面已生成
[09:00:03]   ✅ Web文件已复制到Git仓库
[09:00:03] 步骤3: Git提交和推送...
[master 500e7f5] 自动推送: 基金产品库报告更新 - 2026-03-16 09:00:03
 24 files changed, 3636 insertions(+), 51 deletions(-)
 create mode 100644 __pycache__/fund_report_email_sender.cpython-312.pyc
 create mode 100644 __pycache__/fund_report_html_generator.cpython-312.pyc
 create mode 100644 __pycache__/trump_visit_strategy_v2.cpython-312.pyc
 create mode 100644 auto_run_20260315.log
 create mode 100644 auto_run_summary_20260315.json
 create mode 100755 fund_auto_runner.py
 create mode 100644 fund_daily_report_20260315.html
 create mode 100644 fund_data/monitor/__pycache__/consensus_signal_generator.cpython-312.pyc
 create mode 100644 fund_data/monitor/history/signals_20260316.json
 create mode 100644 fund_data/monitor/logs/push_20260316.log
 create mode 100644 fund_data/monitor/logs/weekly_20260316.log
 create mode 100644 fund_data/monitor/reports/consensus_report_weekly_20260316.html
 create mode 100644 fund_report_email_sender.py
 create mode 100644 fund_report_html_generator.py
 create mode 100644 last_notification.txt
 create mode 100644 manager_consensus_signals.json
 create mode 100755 run_auto_daily.sh
 create mode 100644 web_reports/weekly/consensus_report_weekly_20260316.html
 create mode 100644 weekly/consensus_report_weekly_20260316.html
[09:00:03] =========================================
[09:00:03] 开始执行报告全量推送
[09:00:03] =========================================
[09:00:03] 步骤1: 复制最新报告到Web目录...
[09:00:03]   ✅ 周报已复制: consensus_report_weekly_20260316.html
[09:00:03]   ✅ 信号数据已复制
[09:00:03] 步骤2: 生成报告索引页面...
[09:00:03]   ✅ 报告索引页面已生成
[09:00:03]   ✅ Web文件已复制到Git仓库
[09:00:03] 步骤3: Git提交和推送...
[master 8828238] 自动推送: 基金产品库报告更新 - 2026-03-16 09:00:03
 2 files changed, 59 insertions(+)
To https://github.com/marcus3691/fund-dashboard.git
   bbbbac8..8828238  master -> master
[09:00:03]   ✅ Git推送成功
[09:00:03] =========================================
[09:00:03] 报告全量推送完成
[09:00:03] =========================================
[09:00:03] 
[09:00:03]   ⚠️ 推送失败，第1次重试...
Everything up-to-date
[09:00:03]   ✅ Git推送成功
[09:00:03] =========================================
[09:00:03] 报告全量推送完成
[09:00:03] =========================================
[09:00:03] 
[20:00:02] =========================================
[20:00:02] =========================================
[20:00:02] 开始执行报告全量推送
[20:00:02] 开始执行报告全量推送
[20:00:02] =========================================
[20:00:02] =========================================
[20:00:02] 步骤1: 复制最新报告到Web目录...
[20:00:02] 步骤1: 复制最新报告到Web目录...
[20:00:02]   ✅ 日报已复制: consensus_report_daily_20260316.html
[20:00:02]   ✅ 周报已复制: consensus_report_weekly_20260316.html
[20:00:02]   ✅ 信号数据已复制
[20:00:02] 步骤2: 生成报告索引页面...
[20:00:02]   ✅ 报告索引页面已生成
[20:00:02]   ✅ Web文件已复制到Git仓库
[20:00:02] 步骤3: Git提交和推送...
[master 3c84ced] 自动推送: 基金产品库报告更新 - 2026-03-16 20:00:02
 15 files changed, 2458 insertions(+), 68 deletions(-)
 create mode 100644 "22\345\256\266\345\271\264\351\207\221\346\212\225\347\256\241\344\272\2722025Q3\345\256\214\346\225\264\346\225\260\346\215\256\346\212\245\345\221\212.md"
 create mode 100644 "22\345\256\266\345\271\264\351\207\221\346\212\225\347\256\241\344\272\272\345\256\214\346\225\264\346\225\260\346\215\256.md"
 create mode 100644 daily/consensus_report_daily_20260316.html
 create mode 100644 fund_data/monitor/logs/daily_20260316.log
 create mode 100644 fund_data/monitor/reports/consensus_report_daily_20260316.html
 create mode 100644 memory/2026-03-16.md
 create mode 100644 web_reports/daily/consensus_report_daily_20260316.html
 create mode 100644 "\345\271\264\351\207\221\346\212\225\347\256\241\344\272\2722025Q3\346\224\266\347\233\212\347\216\207\346\212\245\345\221\212.md"
 create mode 100644 "\345\271\264\351\207\221\346\212\225\347\256\241\344\272\2722025\345\271\264\345\272\246\346\224\266\347\233\212\347\216\207\346\261\207\346\200\273.md"
[20:00:02]   ⚠️ 推送失败，第1次重试...
[20:00:02]   ⚠️ 推送失败，第2次重试...
To https://github.com/marcus3691/fund-dashboard.git
   8828238..3c84ced  master -> master
[20:00:02]   ✅ Git推送成功
[20:00:02] =========================================
[20:00:02] 报告全量推送完成
[20:00:02] =========================================
[20:00:02] 
