[22:57:04] ============================================================
[22:57:04] 基金数据自动更新开始
[22:57:04] ============================================================
[22:57:04] 工作目录: /root/.openclaw/workspace
[22:57:04] 日志文件: /root/.openclaw/workspace/auto_run_20260315.log
[22:57:04] 
============================================================
[22:57:04] 【任务1】生成基金经理共识信号...
[22:57:04]   ❌ 失败: 'ManagerConsensusSignal' object has no attribute 'total_managers'
[22:57:04] 
============================================================
[22:57:04] 【任务2】执行特朗普访华策略分析...
[22:57:04]   ✅ 策略分析完成
[22:57:04]   📈 加权预期收益: +0.90%
[22:57:04] 
============================================================
[22:57:04] 【任务3】基金产品库监控...
[22:57:04]   ✅ 产品库状态: 核心库121只, 观察库75只
[22:57:04] 
摘要已保存: /root/.openclaw/workspace/auto_run_summary_20260315.json
[22:57:04] 
============================================================
[22:57:04] 【推送】发送飞书通知...
[22:57:04]   ✅ 通知内容已生成: /root/.openclaw/workspace/last_notification.txt
[22:57:04]   📄 内容长度: 371 字符
[22:57:04] 
============================================================
[22:57:04] 基金数据自动更新完成
[22:57:04] ============================================================
[23:06:57] ============================================================
[23:06:57] 基金数据自动更新开始
[23:06:57] ============================================================
[23:06:57] 工作目录: /root/.openclaw/workspace
[23:06:57] 日志文件: /root/.openclaw/workspace/auto_run_20260315.log
[23:06:57] 
============================================================
[23:06:57] 【任务1】生成基金经理共识信号...
[23:06:57]   ❌ 失败: 'ManagerConsensusSignal' object has no attribute 'total_managers'
[23:06:57] 
============================================================
[23:06:57] 【任务2】执行特朗普访华策略分析...
[23:06:58]   ✅ 策略分析完成
[23:06:58]   📈 加权预期收益: +0.90%
[23:06:58] 
============================================================
[23:06:58] 【任务3】基金产品库监控...
[23:06:58]   ✅ 产品库状态: 核心库121只, 观察库75只
[23:06:58] 
摘要已保存: /root/.openclaw/workspace/auto_run_summary_20260315.json
[23:06:58] 
============================================================
[23:06:58] 【推送】生成飞书通知...
[23:06:58]   ✅ 飞书通知内容已生成
[23:06:58] 
============================================================
[23:06:58] 【推送】发送邮件报告...
[23:06:58]   ✅ 邮件发送成功
[23:06:58] 
============================================================
[23:06:58] 基金数据自动更新完成
[23:06:58] ============================================================
[23:10:10] ============================================================
[23:10:10] 基金数据自动更新开始
[23:10:10] ============================================================
[23:10:10] 工作目录: /root/.openclaw/workspace
[23:10:10] 日志文件: /root/.openclaw/workspace/auto_run_20260315.log
[23:10:10] 
============================================================
[23:10:10] 【任务1】生成基金经理共识信号...
[23:10:10]   ❌ 失败: 'ManagerConsensusSignal' object has no attribute 'total_managers'
[23:10:10] 
============================================================
[23:10:10] 【任务2】执行特朗普访华策略分析...
[23:10:10]   ✅ 策略分析完成
[23:10:10]   📈 加权预期收益: +0.90%
[23:10:10] 
============================================================
[23:10:10] 【任务3】基金产品库监控...
[23:10:10]   ✅ 产品库状态: 核心库121只, 观察库75只
[23:10:10] 
摘要已保存: /root/.openclaw/workspace/auto_run_summary_20260315.json
[23:10:10] 
============================================================
[23:10:10] 【推送】生成飞书通知...
[23:10:10]   ✅ 飞书通知内容已生成
[23:10:10] 
============================================================
[23:10:10] 【推送】生成HTML报告并发送邮件...
[23:10:10]   ✅ HTML报告已生成: /root/.openclaw/workspace/fund_daily_report_20260315.html
[23:10:11]   ✅ 邮件发送成功（含HTML报告附件）
[23:10:11] 
============================================================
[23:10:11] 基金数据自动更新完成
[23:10:11] ============================================================
